This will be logged to a file
Since vehicle_data.json exists we will just use the existing vehicle data!
Gathering total number of missions...
# of Missions found: 27
All found Mission Numbers: 338224718
All found Mission Numbers: 338219893
All found Mission Numbers: 338220786
All found Mission Numbers: 338219769
All found Mission Numbers: 338185238
All found Mission Numbers: 338221866
All found Mission Numbers: 338225024
All found Mission Numbers: 338213141
All found Mission Numbers: 338182268
All found Mission Numbers: 338179642
All found Mission Numbers: 338186544
All found Mission Numbers: 338219949
All found Mission Numbers: 338184223
All found Mission Numbers: 338181326
All found Mission Numbers: 338223967
All found Mission Numbers: 338219583
All found Mission Numbers: 338220165
All found Mission Numbers: 338220009
All found Mission Numbers: 338172771
All found Mission Numbers: 338219829
All found Mission Numbers: 338219537
All found Mission Numbers: 338185581
All found Mission Numbers: 338181378
All found Mission Numbers: 338224776
All found Mission Numbers: 338220350
All found Mission Numbers: 338218678
All found Mission Numbers: 338224777
Gathering mission data...
Opening mission 1/27
Mission Data for Demonstration against the construction of a highway project: {'title': 'Demonstration against the construction of a highway project', 'average_credits': 10500, 'vehicles': {'Police Cars': 4}, 'personnel': {}, 'patients': 0, 'prisoners': 5, 'crashed_cars': 0}
Opening mission 2/27
Mission Data for Truck Accident - Transport of Animals: {'title': 'Truck Accident - Transport of Animals', 'average_credits': 3000, 'vehicles': {'Firetrucks': 1, 'Battalion Chief Vehicles': 1, 'Heavy Rescue Vehicles': 2, 'Police Cars': 2}, 'personnel': {}, 'patients': 2, 'prisoners': 0, 'crashed_cars': 0}
Opening mission 3/27
Mission Data for Stabbing: {'title': 'Stabbing', 'average_credits': 100, 'vehicles': {'Patrol cars': 5}, 'personnel': {}, 'patients': 0, 'prisoners': 0, 'crashed_cars': 0}
Opening mission 4/27
Mission 338219769 currently has units dispatched to it, skipping!
Opening mission 5/27
Mission Data for Drug Deal: {'title': 'Drug Deal', 'average_credits': 100, 'vehicles': {'Patrol cars': 3}, 'personnel': {}, 'patients': 0, 'prisoners': 0, 'crashed_cars': 0}
Opening mission 6/27
Mission Data for Counterfeit Goods raid: {'title': 'Counterfeit Goods raid', 'average_credits': 100, 'vehicles': {'Patrol cars': 4}, 'personnel': {}, 'patients': 0, 'prisoners': 0, 'crashed_cars': 0}
Opening mission 7/27
Mission Data for Kitchen Fire: {'title': 'Kitchen Fire', 'average_credits': 1000, 'vehicles': {'Firetrucks': 2}, 'personnel': {}, 'patients': 0, 'prisoners': 0, 'crashed_cars': 0}
Opening mission 8/27
Mission Data for Dog escapes from the shelter: {'title': 'Dog escapes from the shelter', 'average_credits': 850, 'vehicles': {'Police Cars': 1}, 'personnel': {}, 'patients': 0, 'prisoners': 0, 'crashed_cars': 0}
Opening mission 9/27
Mission Data for Dog escapes from the shelter: {'title': 'Dog escapes from the shelter', 'average_credits': 850, 'vehicles': {'Police Cars': 1}, 'personnel': {}, 'patients': 0, 'prisoners': 0, 'crashed_cars': 0}
Opening mission 10/27
Mission Data for Dog escapes from the shelter: {'title': 'Dog escapes from the shelter', 'average_credits': 850, 'vehicles': {'Police Cars': 1}, 'personnel': {}, 'patients': 0, 'prisoners': 0, 'crashed_cars': 0}
Opening mission 11/27
Mission Data for Sinkhole - No Damage: {'title': 'Sinkhole - No Damage', 'average_credits': 100, 'vehicles': {'Heavy Rescue Vehicle': 1}, 'personnel': {}, 'patients': 0, 'prisoners': 0, 'crashed_cars': 0}
Opening mission 12/27
Mission Data for Burning car: {'title': 'Burning car', 'average_credits': 670, 'vehicles': {'Firetrucks': 1}, 'personnel': {}, 'patients': 0, 'prisoners': 0, 'crashed_cars': 1}
Opening mission 13/27
Mission Data for Aggressive Passenger: {'title': 'Aggressive Passenger', 'average_credits': 600, 'vehicles': {'Police Cars': 1}, 'personnel': {}, 'patients': 0, 'prisoners': 1, 'crashed_cars': 0}
Opening mission 14/27
Mission Data for Residential burglar alarm triggered: {'title': 'Residential burglar alarm triggered', 'average_credits': 600, 'vehicles': {'Police Cars': 3}, 'personnel': {}, 'patients': 0, 'prisoners': 2, 'crashed_cars': 0}
Opening mission 15/27
Mission Data for Arborist Accident: {'title': 'Arborist Accident', 'average_credits': 500, 'vehicles': {'Platform Trucks': 1, 'Firetrucks': 1}, 'personnel': {}, 'patients': 1, 'prisoners': 0, 'crashed_cars': 0}
Opening mission 16/27
Mission Data for Illegal tapping of electricity: {'title': 'Illegal tapping of electricity', 'average_credits': 500, 'vehicles': {'Police Cars': 1}, 'personnel': {}, 'patients': 0, 'prisoners': 1, 'crashed_cars': 0}
Opening mission 17/27
